  AABBTreeBuilder.cpp
  Color.cpp
  Factory.cpp
  IssueReporting.cpp
  JobSystemSingleThreaded.cpp
  JobSystemThreadPool.cpp
  JobSystemWithBarrier.cpp
  LinearCurve.cpp
  Memory.cpp
  Profiler.cpp
  RTTI.cpp
  Semaphore.cpp
  StringTools.cpp
  TickCounter.cpp
  ConvexHullBuilder.cpp
  ConvexHullBuilder2D.cpp
  Indexify.cpp
  OrientedBox.cpp
  Vec3.cpp
  ObjectStream.cpp
  Generating Code...
  Compiling...
  ObjectStreamBinaryIn.cpp
  ObjectStreamBinaryOut.cpp
  ObjectStreamIn.cpp
  ObjectStreamOut.cpp
  ObjectStreamTextIn.cpp
  ObjectStreamTextOut.cpp
  SerializableObject.cpp
  TypeDeclarations.cpp
  Body.cpp
  BodyAccess.cpp
  BodyCreationSettings.cpp
  BodyInterface.cpp
  BodyManager.cpp
  MassProperties.cpp
  MotionProperties.cpp
  Character.cpp
  CharacterBase.cpp
  CharacterVirtual.cpp
  BroadPhase.cpp
  BroadPhaseBruteForce.cpp
  Generating Code...
  Compiling...
  BroadPhaseQuadTree.cpp
  QuadTree.cpp
  CastConvexVsTriangles.cpp
  CastSphereVsTriangles.cpp
  CollideConvexVsTriangles.cpp
  CollideSphereVsTriangles.cpp
  CollisionDispatch.cpp
  CollisionGroup.cpp
  EstimateCollisionResponse.cpp
  GroupFilter.cpp
  GroupFilterTable.cpp
  ManifoldBetweenTwoFaces.cpp
  NarrowPhaseQuery.cpp
  NarrowPhaseStats.cpp
  PhysicsMaterial.cpp
  PhysicsMaterialSimple.cpp
  BoxShape.cpp
  CapsuleShape.cpp
  CompoundShape.cpp
  ConvexHullShape.cpp
  Generating Code...
  Compiling...
  ConvexShape.cpp
  CylinderShape.cpp
  DecoratedShape.cpp
  HeightFieldShape.cpp
  MeshShape.cpp
  MutableCompoundShape.cpp
  OffsetCenterOfMassShape.cpp
  RotatedTranslatedShape.cpp
  ScaledShape.cpp
  Shape.cpp
  SphereShape.cpp
  StaticCompoundShape.cpp
  TaperedCapsuleShape.cpp
  TriangleShape.cpp
  TransformedShape.cpp
  ConeConstraint.cpp
  Constraint.cpp
  ConstraintManager.cpp
  ContactConstraintManager.cpp
  DistanceConstraint.cpp
  Generating Code...
  Compiling...
  FixedConstraint.cpp
  GearConstraint.cpp
  HingeConstraint.cpp
  MotorSettings.cpp
  PathConstraint.cpp
  PathConstraintPath.cpp
  PathConstraintPathHermite.cpp
  PointConstraint.cpp
  PulleyConstraint.cpp
  RackAndPinionConstraint.cpp
  SixDOFConstraint.cpp
  SliderConstraint.cpp
  SpringSettings.cpp
  SwingTwistConstraint.cpp
  TwoBodyConstraint.cpp
  DeterminismLog.cpp
  IslandBuilder.cpp
  LargeIslandSplitter.cpp
  PhysicsLock.cpp
  PhysicsScene.cpp
  Generating Code...
  Compiling...
  PhysicsSystem.cpp
  PhysicsUpdateContext.cpp
  Ragdoll.cpp
  SoftBodyCreationSettings.cpp
  SoftBodyMotionProperties.cpp
  SoftBodyShape.cpp
  SoftBodySharedSettings.cpp
  StateRecorderImpl.cpp
  MotorcycleController.cpp
  TrackedVehicleController.cpp
  VehicleAntiRollBar.cpp
  VehicleCollisionTester.cpp
  VehicleConstraint.cpp
  VehicleController.cpp
  VehicleDifferential.cpp
  VehicleEngine.cpp
  VehicleTrack.cpp
  VehicleTransmission.cpp
  Wheel.cpp
  WheeledVehicleController.cpp
  Generating Code...
  Compiling...
  RegisterTypes.cpp
  DebugRenderer.cpp
  DebugRendererPlayback.cpp
  DebugRendererRecorder.cpp
  DebugRendererSimple.cpp
  SkeletalAnimation.cpp
  Skeleton.cpp
  SkeletonMapper.cpp
  SkeletonPose.cpp
  TriangleGrouperClosestCentroid.cpp
  TriangleGrouperMorton.cpp
  TriangleSplitter.cpp
  TriangleSplitterBinning.cpp
  TriangleSplitterFixedLeafSize.cpp
  TriangleSplitterLongestAxis.cpp
  TriangleSplitterMean.cpp
  TriangleSplitterMorton.cpp
  Generating Code...
  JoltPhysics.vcxproj -> C:\desktop\repos\Stakela\Stakela\vendor\JoltPhysics\bin\Debug-windows-x86_64\JoltPhysics\JoltPhysics.lib
