c:\desktop\repos\stakela\stakela\vendor\joltphysics\bin\release-windows-x86_64\joltphysics\joltphysics.pdb
c:\desktop\repos\stakela\stakela\vendor\joltphysics\bin-int\release-windows-x86_64\joltphysics\wheeledvehiclecontroller.obj
c:\desktop\repos\stakela\stakela\vendor\joltphysics\bin-int\release-windows-x86_64\joltphysics\vehicleconstraint.obj
c:\desktop\repos\stakela\stakela\vendor\joltphysics\bin-int\release-windows-x86_64\joltphysics\vehiclecollisiontester.obj
c:\desktop\repos\stakela\stakela\vendor\joltphysics\bin-int\release-windows-x86_64\joltphysics\trackedvehiclecontroller.obj
c:\desktop\repos\stakela\stakela\vendor\joltphysics\bin-int\release-windows-x86_64\joltphysics\motorcyclecontroller.obj
c:\desktop\repos\stakela\stakela\vendor\joltphysics\bin-int\release-windows-x86_64\joltphysics\softbodymotionproperties.obj
c:\desktop\repos\stakela\stakela\vendor\joltphysics\bin-int\release-windows-x86_64\joltphysics\ragdoll.obj
c:\desktop\repos\stakela\stakela\vendor\joltphysics\bin-int\release-windows-x86_64\joltphysics\physicsupdatecontext.obj
c:\desktop\repos\stakela\stakela\vendor\joltphysics\bin-int\release-windows-x86_64\joltphysics\physicssystem.obj
c:\desktop\repos\stakela\stakela\vendor\joltphysics\bin-int\release-windows-x86_64\joltphysics\physicsscene.obj
c:\desktop\repos\stakela\stakela\vendor\joltphysics\bin-int\release-windows-x86_64\joltphysics\largeislandsplitter.obj
c:\desktop\repos\stakela\stakela\vendor\joltphysics\bin-int\release-windows-x86_64\joltphysics\islandbuilder.obj
c:\desktop\repos\stakela\stakela\vendor\joltphysics\bin-int\release-windows-x86_64\joltphysics\contactconstraintmanager.obj
c:\desktop\repos\stakela\stakela\vendor\joltphysics\bin-int\release-windows-x86_64\joltphysics\staticcompoundshape.obj
c:\desktop\repos\stakela\stakela\vendor\joltphysics\bin-int\release-windows-x86_64\joltphysics\heightfieldshape.obj
c:\desktop\repos\stakela\stakela\vendor\joltphysics\bin-int\release-windows-x86_64\joltphysics\charactervirtual.obj
c:\desktop\repos\stakela\stakela\vendor\joltphysics\bin-int\release-windows-x86_64\joltphysics\character.obj
c:\desktop\repos\stakela\stakela\vendor\joltphysics\bin-int\release-windows-x86_64\joltphysics\objectstream.obj
c:\desktop\repos\stakela\stakela\vendor\joltphysics\bin-int\release-windows-x86_64\joltphysics\vec3.obj
c:\desktop\repos\stakela\stakela\vendor\joltphysics\bin-int\release-windows-x86_64\joltphysics\orientedbox.obj
c:\desktop\repos\stakela\stakela\vendor\joltphysics\bin-int\release-windows-x86_64\joltphysics\indexify.obj
c:\desktop\repos\stakela\stakela\vendor\joltphysics\bin-int\release-windows-x86_64\joltphysics\convexhullbuilder2d.obj
c:\desktop\repos\stakela\stakela\vendor\joltphysics\bin-int\release-windows-x86_64\joltphysics\convexhullbuilder.obj
c:\desktop\repos\stakela\stakela\vendor\joltphysics\bin-int\release-windows-x86_64\joltphysics\tickcounter.obj
c:\desktop\repos\stakela\stakela\vendor\joltphysics\bin-int\release-windows-x86_64\joltphysics\stringtools.obj
c:\desktop\repos\stakela\stakela\vendor\joltphysics\bin-int\release-windows-x86_64\joltphysics\semaphore.obj
c:\desktop\repos\stakela\stakela\vendor\joltphysics\bin-int\release-windows-x86_64\joltphysics\rtti.obj
c:\desktop\repos\stakela\stakela\vendor\joltphysics\bin-int\release-windows-x86_64\joltphysics\profiler.obj
c:\desktop\repos\stakela\stakela\vendor\joltphysics\bin-int\release-windows-x86_64\joltphysics\memory.obj
c:\desktop\repos\stakela\stakela\vendor\joltphysics\bin-int\release-windows-x86_64\joltphysics\linearcurve.obj
c:\desktop\repos\stakela\stakela\vendor\joltphysics\bin-int\release-windows-x86_64\joltphysics\jobsystemwithbarrier.obj
c:\desktop\repos\stakela\stakela\vendor\joltphysics\bin-int\release-windows-x86_64\joltphysics\jobsystemthreadpool.obj
c:\desktop\repos\stakela\stakela\vendor\joltphysics\bin-int\release-windows-x86_64\joltphysics\jobsystemsinglethreaded.obj
c:\desktop\repos\stakela\stakela\vendor\joltphysics\bin-int\release-windows-x86_64\joltphysics\issuereporting.obj
c:\desktop\repos\stakela\stakela\vendor\joltphysics\bin-int\release-windows-x86_64\joltphysics\factory.obj
c:\desktop\repos\stakela\stakela\vendor\joltphysics\bin-int\release-windows-x86_64\joltphysics\color.obj
c:\desktop\repos\stakela\stakela\vendor\joltphysics\bin-int\release-windows-x86_64\joltphysics\aabbtreebuilder.obj
c:\desktop\repos\stakela\stakela\vendor\joltphysics\bin-int\release-windows-x86_64\joltphysics\broadphasebruteforce.obj
c:\desktop\repos\stakela\stakela\vendor\joltphysics\bin-int\release-windows-x86_64\joltphysics\broadphase.obj
c:\desktop\repos\stakela\stakela\vendor\joltphysics\bin-int\release-windows-x86_64\joltphysics\characterbase.obj
c:\desktop\repos\stakela\stakela\vendor\joltphysics\bin-int\release-windows-x86_64\joltphysics\motionproperties.obj
c:\desktop\repos\stakela\stakela\vendor\joltphysics\bin-int\release-windows-x86_64\joltphysics\massproperties.obj
c:\desktop\repos\stakela\stakela\vendor\joltphysics\bin-int\release-windows-x86_64\joltphysics\bodymanager.obj
c:\desktop\repos\stakela\stakela\vendor\joltphysics\bin-int\release-windows-x86_64\joltphysics\bodyinterface.obj
c:\desktop\repos\stakela\stakela\vendor\joltphysics\bin-int\release-windows-x86_64\joltphysics\bodycreationsettings.obj
c:\desktop\repos\stakela\stakela\vendor\joltphysics\bin-int\release-windows-x86_64\joltphysics\bodyaccess.obj
c:\desktop\repos\stakela\stakela\vendor\joltphysics\bin-int\release-windows-x86_64\joltphysics\body.obj
c:\desktop\repos\stakela\stakela\vendor\joltphysics\bin-int\release-windows-x86_64\joltphysics\typedeclarations.obj
c:\desktop\repos\stakela\stakela\vendor\joltphysics\bin-int\release-windows-x86_64\joltphysics\serializableobject.obj
c:\desktop\repos\stakela\stakela\vendor\joltphysics\bin-int\release-windows-x86_64\joltphysics\objectstreamtextout.obj
c:\desktop\repos\stakela\stakela\vendor\joltphysics\bin-int\release-windows-x86_64\joltphysics\objectstreamtextin.obj
c:\desktop\repos\stakela\stakela\vendor\joltphysics\bin-int\release-windows-x86_64\joltphysics\objectstreamout.obj
c:\desktop\repos\stakela\stakela\vendor\joltphysics\bin-int\release-windows-x86_64\joltphysics\objectstreamin.obj
c:\desktop\repos\stakela\stakela\vendor\joltphysics\bin-int\release-windows-x86_64\joltphysics\objectstreambinaryout.obj
c:\desktop\repos\stakela\stakela\vendor\joltphysics\bin-int\release-windows-x86_64\joltphysics\objectstreambinaryin.obj
c:\desktop\repos\stakela\stakela\vendor\joltphysics\bin-int\release-windows-x86_64\joltphysics\convexhullshape.obj
c:\desktop\repos\stakela\stakela\vendor\joltphysics\bin-int\release-windows-x86_64\joltphysics\compoundshape.obj
c:\desktop\repos\stakela\stakela\vendor\joltphysics\bin-int\release-windows-x86_64\joltphysics\capsuleshape.obj
c:\desktop\repos\stakela\stakela\vendor\joltphysics\bin-int\release-windows-x86_64\joltphysics\boxshape.obj
c:\desktop\repos\stakela\stakela\vendor\joltphysics\bin-int\release-windows-x86_64\joltphysics\physicsmaterialsimple.obj
c:\desktop\repos\stakela\stakela\vendor\joltphysics\bin-int\release-windows-x86_64\joltphysics\physicsmaterial.obj
c:\desktop\repos\stakela\stakela\vendor\joltphysics\bin-int\release-windows-x86_64\joltphysics\narrowphasestats.obj
c:\desktop\repos\stakela\stakela\vendor\joltphysics\bin-int\release-windows-x86_64\joltphysics\narrowphasequery.obj
c:\desktop\repos\stakela\stakela\vendor\joltphysics\bin-int\release-windows-x86_64\joltphysics\manifoldbetweentwofaces.obj
c:\desktop\repos\stakela\stakela\vendor\joltphysics\bin-int\release-windows-x86_64\joltphysics\groupfiltertable.obj
c:\desktop\repos\stakela\stakela\vendor\joltphysics\bin-int\release-windows-x86_64\joltphysics\groupfilter.obj
c:\desktop\repos\stakela\stakela\vendor\joltphysics\bin-int\release-windows-x86_64\joltphysics\estimatecollisionresponse.obj
c:\desktop\repos\stakela\stakela\vendor\joltphysics\bin-int\release-windows-x86_64\joltphysics\collisiongroup.obj
c:\desktop\repos\stakela\stakela\vendor\joltphysics\bin-int\release-windows-x86_64\joltphysics\collisiondispatch.obj
c:\desktop\repos\stakela\stakela\vendor\joltphysics\bin-int\release-windows-x86_64\joltphysics\collidespherevstriangles.obj
c:\desktop\repos\stakela\stakela\vendor\joltphysics\bin-int\release-windows-x86_64\joltphysics\collideconvexvstriangles.obj
c:\desktop\repos\stakela\stakela\vendor\joltphysics\bin-int\release-windows-x86_64\joltphysics\castspherevstriangles.obj
c:\desktop\repos\stakela\stakela\vendor\joltphysics\bin-int\release-windows-x86_64\joltphysics\castconvexvstriangles.obj
c:\desktop\repos\stakela\stakela\vendor\joltphysics\bin-int\release-windows-x86_64\joltphysics\quadtree.obj
c:\desktop\repos\stakela\stakela\vendor\joltphysics\bin-int\release-windows-x86_64\joltphysics\broadphasequadtree.obj
c:\desktop\repos\stakela\stakela\vendor\joltphysics\bin-int\release-windows-x86_64\joltphysics\distanceconstraint.obj
c:\desktop\repos\stakela\stakela\vendor\joltphysics\bin-int\release-windows-x86_64\joltphysics\constraintmanager.obj
c:\desktop\repos\stakela\stakela\vendor\joltphysics\bin-int\release-windows-x86_64\joltphysics\constraint.obj
c:\desktop\repos\stakela\stakela\vendor\joltphysics\bin-int\release-windows-x86_64\joltphysics\coneconstraint.obj
c:\desktop\repos\stakela\stakela\vendor\joltphysics\bin-int\release-windows-x86_64\joltphysics\transformedshape.obj
c:\desktop\repos\stakela\stakela\vendor\joltphysics\bin-int\release-windows-x86_64\joltphysics\triangleshape.obj
c:\desktop\repos\stakela\stakela\vendor\joltphysics\bin-int\release-windows-x86_64\joltphysics\taperedcapsuleshape.obj
c:\desktop\repos\stakela\stakela\vendor\joltphysics\bin-int\release-windows-x86_64\joltphysics\sphereshape.obj
c:\desktop\repos\stakela\stakela\vendor\joltphysics\bin-int\release-windows-x86_64\joltphysics\shape.obj
c:\desktop\repos\stakela\stakela\vendor\joltphysics\bin-int\release-windows-x86_64\joltphysics\scaledshape.obj
c:\desktop\repos\stakela\stakela\vendor\joltphysics\bin-int\release-windows-x86_64\joltphysics\rotatedtranslatedshape.obj
c:\desktop\repos\stakela\stakela\vendor\joltphysics\bin-int\release-windows-x86_64\joltphysics\offsetcenterofmassshape.obj
c:\desktop\repos\stakela\stakela\vendor\joltphysics\bin-int\release-windows-x86_64\joltphysics\mutablecompoundshape.obj
c:\desktop\repos\stakela\stakela\vendor\joltphysics\bin-int\release-windows-x86_64\joltphysics\meshshape.obj
c:\desktop\repos\stakela\stakela\vendor\joltphysics\bin-int\release-windows-x86_64\joltphysics\decoratedshape.obj
c:\desktop\repos\stakela\stakela\vendor\joltphysics\bin-int\release-windows-x86_64\joltphysics\cylindershape.obj
c:\desktop\repos\stakela\stakela\vendor\joltphysics\bin-int\release-windows-x86_64\joltphysics\convexshape.obj
c:\desktop\repos\stakela\stakela\vendor\joltphysics\bin-int\release-windows-x86_64\joltphysics\physicslock.obj
c:\desktop\repos\stakela\stakela\vendor\joltphysics\bin-int\release-windows-x86_64\joltphysics\determinismlog.obj
c:\desktop\repos\stakela\stakela\vendor\joltphysics\bin-int\release-windows-x86_64\joltphysics\twobodyconstraint.obj
c:\desktop\repos\stakela\stakela\vendor\joltphysics\bin-int\release-windows-x86_64\joltphysics\swingtwistconstraint.obj
c:\desktop\repos\stakela\stakela\vendor\joltphysics\bin-int\release-windows-x86_64\joltphysics\springsettings.obj
c:\desktop\repos\stakela\stakela\vendor\joltphysics\bin-int\release-windows-x86_64\joltphysics\sliderconstraint.obj
c:\desktop\repos\stakela\stakela\vendor\joltphysics\bin-int\release-windows-x86_64\joltphysics\sixdofconstraint.obj
c:\desktop\repos\stakela\stakela\vendor\joltphysics\bin-int\release-windows-x86_64\joltphysics\rackandpinionconstraint.obj
c:\desktop\repos\stakela\stakela\vendor\joltphysics\bin-int\release-windows-x86_64\joltphysics\pulleyconstraint.obj
c:\desktop\repos\stakela\stakela\vendor\joltphysics\bin-int\release-windows-x86_64\joltphysics\pointconstraint.obj
c:\desktop\repos\stakela\stakela\vendor\joltphysics\bin-int\release-windows-x86_64\joltphysics\pathconstraintpathhermite.obj
c:\desktop\repos\stakela\stakela\vendor\joltphysics\bin-int\release-windows-x86_64\joltphysics\pathconstraintpath.obj
c:\desktop\repos\stakela\stakela\vendor\joltphysics\bin-int\release-windows-x86_64\joltphysics\pathconstraint.obj
c:\desktop\repos\stakela\stakela\vendor\joltphysics\bin-int\release-windows-x86_64\joltphysics\motorsettings.obj
c:\desktop\repos\stakela\stakela\vendor\joltphysics\bin-int\release-windows-x86_64\joltphysics\hingeconstraint.obj
c:\desktop\repos\stakela\stakela\vendor\joltphysics\bin-int\release-windows-x86_64\joltphysics\gearconstraint.obj
c:\desktop\repos\stakela\stakela\vendor\joltphysics\bin-int\release-windows-x86_64\joltphysics\fixedconstraint.obj
c:\desktop\repos\stakela\stakela\vendor\joltphysics\bin-int\release-windows-x86_64\joltphysics\wheel.obj
c:\desktop\repos\stakela\stakela\vendor\joltphysics\bin-int\release-windows-x86_64\joltphysics\vehicletransmission.obj
c:\desktop\repos\stakela\stakela\vendor\joltphysics\bin-int\release-windows-x86_64\joltphysics\vehicletrack.obj
c:\desktop\repos\stakela\stakela\vendor\joltphysics\bin-int\release-windows-x86_64\joltphysics\vehicleengine.obj
c:\desktop\repos\stakela\stakela\vendor\joltphysics\bin-int\release-windows-x86_64\joltphysics\vehicledifferential.obj
c:\desktop\repos\stakela\stakela\vendor\joltphysics\bin-int\release-windows-x86_64\joltphysics\vehiclecontroller.obj
c:\desktop\repos\stakela\stakela\vendor\joltphysics\bin-int\release-windows-x86_64\joltphysics\vehicleantirollbar.obj
c:\desktop\repos\stakela\stakela\vendor\joltphysics\bin-int\release-windows-x86_64\joltphysics\staterecorderimpl.obj
c:\desktop\repos\stakela\stakela\vendor\joltphysics\bin-int\release-windows-x86_64\joltphysics\softbodysharedsettings.obj
c:\desktop\repos\stakela\stakela\vendor\joltphysics\bin-int\release-windows-x86_64\joltphysics\softbodyshape.obj
c:\desktop\repos\stakela\stakela\vendor\joltphysics\bin-int\release-windows-x86_64\joltphysics\softbodycreationsettings.obj
c:\desktop\repos\stakela\stakela\vendor\joltphysics\bin-int\release-windows-x86_64\joltphysics\trianglesplittermorton.obj
c:\desktop\repos\stakela\stakela\vendor\joltphysics\bin-int\release-windows-x86_64\joltphysics\trianglesplittermean.obj
c:\desktop\repos\stakela\stakela\vendor\joltphysics\bin-int\release-windows-x86_64\joltphysics\trianglesplitterlongestaxis.obj
c:\desktop\repos\stakela\stakela\vendor\joltphysics\bin-int\release-windows-x86_64\joltphysics\trianglesplitterfixedleafsize.obj
c:\desktop\repos\stakela\stakela\vendor\joltphysics\bin-int\release-windows-x86_64\joltphysics\trianglesplitterbinning.obj
c:\desktop\repos\stakela\stakela\vendor\joltphysics\bin-int\release-windows-x86_64\joltphysics\trianglesplitter.obj
c:\desktop\repos\stakela\stakela\vendor\joltphysics\bin-int\release-windows-x86_64\joltphysics\trianglegroupermorton.obj
c:\desktop\repos\stakela\stakela\vendor\joltphysics\bin-int\release-windows-x86_64\joltphysics\trianglegrouperclosestcentroid.obj
c:\desktop\repos\stakela\stakela\vendor\joltphysics\bin-int\release-windows-x86_64\joltphysics\skeletonpose.obj
c:\desktop\repos\stakela\stakela\vendor\joltphysics\bin-int\release-windows-x86_64\joltphysics\skeletonmapper.obj
c:\desktop\repos\stakela\stakela\vendor\joltphysics\bin-int\release-windows-x86_64\joltphysics\skeleton.obj
c:\desktop\repos\stakela\stakela\vendor\joltphysics\bin-int\release-windows-x86_64\joltphysics\skeletalanimation.obj
c:\desktop\repos\stakela\stakela\vendor\joltphysics\bin-int\release-windows-x86_64\joltphysics\debugrenderersimple.obj
c:\desktop\repos\stakela\stakela\vendor\joltphysics\bin-int\release-windows-x86_64\joltphysics\debugrendererrecorder.obj
c:\desktop\repos\stakela\stakela\vendor\joltphysics\bin-int\release-windows-x86_64\joltphysics\debugrendererplayback.obj
c:\desktop\repos\stakela\stakela\vendor\joltphysics\bin-int\release-windows-x86_64\joltphysics\debugrenderer.obj
c:\desktop\repos\stakela\stakela\vendor\joltphysics\bin-int\release-windows-x86_64\joltphysics\registertypes.obj
c:\desktop\repos\stakela\stakela\vendor\joltphysics\bin\release-windows-x86_64\joltphysics\joltphysics.lib
c:\desktop\repos\stakela\stakela\vendor\joltphysics\bin-int\release-windows-x86_64\joltphysics\joltphysics.tlog\cl.command.1.tlog
c:\desktop\repos\stakela\stakela\vendor\joltphysics\bin-int\release-windows-x86_64\joltphysics\joltphysics.tlog\cl.items.tlog
c:\desktop\repos\stakela\stakela\vendor\joltphysics\bin-int\release-windows-x86_64\joltphysics\joltphysics.tlog\cl.read.1.tlog
c:\desktop\repos\stakela\stakela\vendor\joltphysics\bin-int\release-windows-x86_64\joltphysics\joltphysics.tlog\cl.write.1.tlog
c:\desktop\repos\stakela\stakela\vendor\joltphysics\bin-int\release-windows-x86_64\joltphysics\joltphysics.tlog\lib-link.read.1.tlog
c:\desktop\repos\stakela\stakela\vendor\joltphysics\bin-int\release-windows-x86_64\joltphysics\joltphysics.tlog\lib-link.write.1.tlog
c:\desktop\repos\stakela\stakela\vendor\joltphysics\bin-int\release-windows-x86_64\joltphysics\joltphysics.tlog\lib.command.1.tlog
